<html>
<head>
<title>TestNG:  Test</title>
<link href="../testng.css" rel="stylesheet" type="text/css" />
<link href="../my-testng.css" rel="stylesheet" type="text/css" />

<style type="text/css">
.log { display: none;} 
.stack-trace { display: none;} 
</style>
<script type="text/javascript">
<!--
function flip(e) {
  current = e.style.display;
  if (current == 'block') {
    e.style.display = 'none';
    return 0;
  }
  else {
    e.style.display = 'block';
    return 1;
  }
}

function toggleBox(szDivId, elem, msg1, msg2)
{
  var res = -1;  if (document.getElementById) {
    res = flip(document.getElementById(szDivId));
  }
  else if (document.all) {
    // this is the way old msie versions work
    res = flip(document.all[szDivId]);
  }
  if(elem) {
    if(res == 0) elem.innerHTML = msg1; else elem.innerHTML = msg2;
  }

}

function toggleAllBoxes() {
  if (document.getElementsByTagName) {
    d = document.getElementsByTagName('div');
    for (i = 0; i < d.length; i++) {
      if (d[i].className == 'log') {
        flip(d[i]);
      }
    }
  }
}

// -->
</script>

</head>
<body>
<h2 align='center'>Test</h2><table border='1' align="center">
<tr>
<td>Tests passed/Failed/Skipped:</td><td>9/2/0</td>
</tr><tr>
<td>Started on:</td><td>Mon Feb 01 16:50:09 IST 2021</td>
</tr>
<tr><td>Total time:</td><td>559 seconds (559787 ms)</td>
</tr><tr>
<td>Included groups:</td><td></td>
</tr><tr>
<td>Excluded groups:</td><td></td>
</tr>
</table><p/>
<small><i>(Hover the method name to see the test class name)</i></small><p/>
<table width='100%' border='1' class='invocation-failed'>
<tr><td colspan='4' align='center'><b>FAILED TESTS</b></td></tr>
<tr><td><b>Test method</b></td>
<td width="30%"><b>Exception</b></td>
<td width="10%"><b>Time (seconds)</b></td>
<td><b>Instance</b></td>
</tr>
<tr>
<td title='com.automationpractice.qa.testcases.ShoppingWorkFlowTest.checkCartProductQuantityAndTotalTest()'><b>checkCartProductQuantityAndTotalTest</b><br>Test class: com.automationpractice.qa.testcases.ShoppingWorkFlowTest</td>
<td><div><pre>org.openqa.selenium.ElementNotInteractableException: element not interactable
  (Session info: chrome=88.0.4324.104)
Build info: version: &apos;3.6.0&apos;, revision: &apos;6fbf3ec767&apos;, time: &apos;2017-09-27T15:28:36.4Z&apos;
System info: host: &apos;DEEPTI-PC&apos;, ip: &apos;192.168.1.100&apos;, os.name: &apos;Windows 7&apos;, os.arch: &apos;amd64&apos;, os.version: &apos;6.1&apos;, java.version: &apos;1.8.0_144&apos;
Driver info: org.openqa.selenium.chrome.ChromeDriver
Capabilities [{networkConnectionEnabled=false, chrome={chromedriverVersion=88.0.4324.96 (68dba2d8a0b149a1d3afac56fa74648032bcf46b-refs/branch-heads/4324@{#1784}), userDataDir=C:\Users\Deepti\AppData\Local\Temp\scoped_dir10984_1674957666}, timeouts={implicit=0, pageLoad=300000, script=30000}, pageLoadStrategy=normal, unhandledPromptBehavior=dismiss and notify, strictFileInteractability=false, platform=WINDOWS, proxy=Proxy(), goog:chromeOptions={debuggerAddress=localhost:55720}, acceptInsecureCerts=false, browserVersion=88.0.4324.104, browserName=chrome, javascriptEnabled=true, platformName=WINDOWS, setWindowRect=true, webauthn:extension:largeBlob=true, webauthn:virtualAuthenticators=true}]
Session ID: 2e00a12ae37452a9bb20d6c23e32527e
	at org.openqa.selenium.remote.http.W3CHttpResponseCodec.createException(W3CHttpResponseCodec.java:185)
	at org.openqa.selenium.remote.http.W3CHttpResponseCodec.decode(W3CHttpResponseCodec.java:120)
	at org.openqa.selenium.remote.http.W3CHttpResponseCodec.decode(W3CHttpResponseCodec.java:49)
	at org.openqa.selenium.remote.HttpCommandExecutor.execute(HttpCommandExecutor.java:164)
	at org.openqa.selenium.remote.service.DriverCommandExecutor.execute(DriverCommandExecutor.java:83)
	at org.openqa.selenium.remote.RemoteWebDriver.execute(RemoteWebDriver.java:586)
	at org.openqa.selenium.remote.RemoteWebElement.execute(RemoteWebElement.java:279)
	at org.openqa.selenium.remote.RemoteWebElement.click(RemoteWebElement.java:83)
	at org.openqa.selenium.support.events.EventFiringWebDriver$EventFiringWebElement$1.invoke(EventFiringWebDriver.java:376)
	at com.sun.proxy.$Proxy9.click(Unknown Source)
	at org.openqa.selenium.support.events.EventFiringWebDriver$EventFiringWebElement.click(EventFiringWebDriver.java:389)
	at com.automationpractice.qa.testcases.ShoppingWorkFlowTest.checkCartProductQuantityAndTotalTest(ShoppingWorkFlowTest.java:223)
... Removed 32 stack frames</pre></div><a href='#' onClick='toggleBox("stack-trace324579982", this, "Click to show all stack frames", "Click to hide stack frames")'>Click to show all stack frames</a>
<div class='stack-trace' id='stack-trace324579982'><pre>org.openqa.selenium.ElementNotInteractableException: element not interactable
  (Session info: chrome=88.0.4324.104)
Build info: version: &apos;3.6.0&apos;, revision: &apos;6fbf3ec767&apos;, time: &apos;2017-09-27T15:28:36.4Z&apos;
System info: host: &apos;DEEPTI-PC&apos;, ip: &apos;192.168.1.100&apos;, os.name: &apos;Windows 7&apos;, os.arch: &apos;amd64&apos;, os.version: &apos;6.1&apos;, java.version: &apos;1.8.0_144&apos;
Driver info: org.openqa.selenium.chrome.ChromeDriver
Capabilities [{networkConnectionEnabled=false, chrome={chromedriverVersion=88.0.4324.96 (68dba2d8a0b149a1d3afac56fa74648032bcf46b-refs/branch-heads/4324@{#1784}), userDataDir=C:\Users\Deepti\AppData\Local\Temp\scoped_dir10984_1674957666}, timeouts={implicit=0, pageLoad=300000, script=30000}, pageLoadStrategy=normal, unhandledPromptBehavior=dismiss and notify, strictFileInteractability=false, platform=WINDOWS, proxy=Proxy(), goog:chromeOptions={debuggerAddress=localhost:55720}, acceptInsecureCerts=false, browserVersion=88.0.4324.104, browserName=chrome, javascriptEnabled=true, platformName=WINDOWS, setWindowRect=true, webauthn:extension:largeBlob=true, webauthn:virtualAuthenticators=true}]
Session ID: 2e00a12ae37452a9bb20d6c23e32527e
	at sun.reflect.NativeConstructorAccessorImpl.newInstance0(Native Method)
	at sun.reflect.NativeConstructorAccessorImpl.newInstance(NativeConstructorAccessorImpl.java:62)
	at sun.reflect.DelegatingConstructorAccessorImpl.newInstance(DelegatingConstructorAccessorImpl.java:45)
	at java.lang.reflect.Constructor.newInstance(Constructor.java:423)
	at org.openqa.selenium.remote.http.W3CHttpResponseCodec.createException(W3CHttpResponseCodec.java:185)
	at org.openqa.selenium.remote.http.W3CHttpResponseCodec.decode(W3CHttpResponseCodec.java:120)
	at org.openqa.selenium.remote.http.W3CHttpResponseCodec.decode(W3CHttpResponseCodec.java:49)
	at org.openqa.selenium.remote.HttpCommandExecutor.execute(HttpCommandExecutor.java:164)
	at org.openqa.selenium.remote.service.DriverCommandExecutor.execute(DriverCommandExecutor.java:83)
	at org.openqa.selenium.remote.RemoteWebDriver.execute(RemoteWebDriver.java:586)
	at org.openqa.selenium.remote.RemoteWebElement.execute(RemoteWebElement.java:279)
	at org.openqa.selenium.remote.RemoteWebElement.click(RemoteWebElement.java:83)
	at sun.reflect.GeneratedMethodAccessor8.invoke(Unknown Source)
	at sun.reflect.DelegatingMethodAccessorImpl.invoke(DelegatingMethodAccessorImpl.java:43)
	at java.lang.reflect.Method.invoke(Method.java:498)
	at org.openqa.selenium.support.events.EventFiringWebDriver$EventFiringWebElement$1.invoke(EventFiringWebDriver.java:376)
	at com.sun.proxy.$Proxy9.click(Unknown Source)
	at org.openqa.selenium.support.events.EventFiringWebDriver$EventFiringWebElement.click(EventFiringWebDriver.java:389)
	at com.automationpractice.qa.testcases.ShoppingWorkFlowTest.checkCartProductQuantityAndTotalTest(ShoppingWorkFlowTest.java:223)
	at sun.reflect.NativeMethodAccessorImpl.invoke0(Native Method)
	at sun.reflect.NativeMethodAccessorImpl.invoke(NativeMethodAccessorImpl.java:62)
	at sun.reflect.DelegatingMethodAccessorImpl.invoke(DelegatingMethodAccessorImpl.java:43)
	at java.lang.reflect.Method.invoke(Method.java:498)
	at org.testng.internal.MethodInvocationHelper.invokeMethod(MethodInvocationHelper.java:124)
	at org.testng.internal.Invoker.invokeMethod(Invoker.java:583)
	at org.testng.internal.Invoker.invokeTestMethod(Invoker.java:719)
	at org.testng.internal.Invoker.invokeTestMethods(Invoker.java:989)
	at org.testng.internal.TestMethodWorker.invokeTestMethods(TestMethodWorker.java:125)
	at org.testng.internal.TestMethodWorker.run(TestMethodWorker.java:109)
	at org.testng.TestRunner.privateRun(TestRunner.java:648)
	at org.testng.TestRunner.run(TestRunner.java:505)
	at org.testng.SuiteRunner.runTest(SuiteRunner.java:455)
	at org.testng.SuiteRunner.runSequentially(SuiteRunner.java:450)
	at org.testng.SuiteRunner.privateRun(SuiteRunner.java:415)
	at org.testng.SuiteRunner.run(SuiteRunner.java:364)
	at org.testng.SuiteRunnerWorker.runSuite(SuiteRunnerWorker.java:52)
	at org.testng.SuiteRunnerWorker.run(SuiteRunnerWorker.java:84)
	at org.testng.TestNG.runSuitesSequentially(TestNG.java:1208)
	at org.testng.TestNG.runSuitesLocally(TestNG.java:1137)
	at org.testng.TestNG.runSuites(TestNG.java:1049)
	at org.testng.TestNG.run(TestNG.java:1017)
	at org.testng.remote.AbstractRemoteTestNG.run(AbstractRemoteTestNG.java:114)
	at org.testng.remote.RemoteTestNG.initAndRun(RemoteTestNG.java:251)
	at org.testng.remote.RemoteTestNG.main(RemoteTestNG.java:77)
</pre></div></td>
<td>74</td>
<td>com.automationpractice.qa.testcases.ShoppingWorkFlowTest@2f686d1f</td></tr>
<tr>
<td title='com.automationpractice.qa.testcases.ShoppingWorkFlowTest.selectMultiplesClothTest()'><b>selectMultiplesClothTest</b><br>Test class: com.automationpractice.qa.testcases.ShoppingWorkFlowTest</td>
<td><div><pre>java.lang.AssertionError: expected [true] but found [false]
	at com.automationpractice.qa.testcases.ShoppingWorkFlowTest.selectMultiplesClothTest(ShoppingWorkFlowTest.java:122)
... Removed 29 stack frames</pre></div><a href='#' onClick='toggleBox("stack-trace200744172", this, "Click to show all stack frames", "Click to hide stack frames")'>Click to show all stack frames</a>
<div class='stack-trace' id='stack-trace200744172'><pre>java.lang.AssertionError: expected [true] but found [false]
	at org.testng.Assert.fail(Assert.java:96)
	at org.testng.Assert.failNotEquals(Assert.java:776)
	at org.testng.Assert.assertTrue(Assert.java:44)
	at org.testng.Assert.assertTrue(Assert.java:54)
	at com.automationpractice.qa.testcases.ShoppingWorkFlowTest.selectMultiplesClothTest(ShoppingWorkFlowTest.java:122)
	at sun.reflect.NativeMethodAccessorImpl.invoke0(Native Method)
	at sun.reflect.NativeMethodAccessorImpl.invoke(NativeMethodAccessorImpl.java:62)
	at sun.reflect.DelegatingMethodAccessorImpl.invoke(DelegatingMethodAccessorImpl.java:43)
	at java.lang.reflect.Method.invoke(Method.java:498)
	at org.testng.internal.MethodInvocationHelper.invokeMethod(MethodInvocationHelper.java:124)
	at org.testng.internal.Invoker.invokeMethod(Invoker.java:583)
	at org.testng.internal.Invoker.invokeTestMethod(Invoker.java:719)
	at org.testng.internal.Invoker.invokeTestMethods(Invoker.java:989)
	at org.testng.internal.TestMethodWorker.invokeTestMethods(TestMethodWorker.java:125)
	at org.testng.internal.TestMethodWorker.run(TestMethodWorker.java:109)
	at org.testng.TestRunner.privateRun(TestRunner.java:648)
	at org.testng.TestRunner.run(TestRunner.java:505)
	at org.testng.SuiteRunner.runTest(SuiteRunner.java:455)
	at org.testng.SuiteRunner.runSequentially(SuiteRunner.java:450)
	at org.testng.SuiteRunner.privateRun(SuiteRunner.java:415)
	at org.testng.SuiteRunner.run(SuiteRunner.java:364)
	at org.testng.SuiteRunnerWorker.runSuite(SuiteRunnerWorker.java:52)
	at org.testng.SuiteRunnerWorker.run(SuiteRunnerWorker.java:84)
	at org.testng.TestNG.runSuitesSequentially(TestNG.java:1208)
	at org.testng.TestNG.runSuitesLocally(TestNG.java:1137)
	at org.testng.TestNG.runSuites(TestNG.java:1049)
	at org.testng.TestNG.run(TestNG.java:1017)
	at org.testng.remote.AbstractRemoteTestNG.run(AbstractRemoteTestNG.java:114)
	at org.testng.remote.RemoteTestNG.initAndRun(RemoteTestNG.java:251)
	at org.testng.remote.RemoteTestNG.main(RemoteTestNG.java:77)
</pre></div></td>
<td>4</td>
<td>com.automationpractice.qa.testcases.ShoppingWorkFlowTest@2f686d1f</td></tr>
</table><p>
<table width='100%' border='1' class='invocation-passed'>
<tr><td colspan='4' align='center'><b>PASSED TESTS</b></td></tr>
<tr><td><b>Test method</b></td>
<td width="30%"><b>Exception</b></td>
<td width="10%"><b>Time (seconds)</b></td>
<td><b>Instance</b></td>
</tr>
<tr>
<td title='com.automationpractice.qa.testcases.ShoppingWorkFlowTest.PlaceOrderTest()'><b>PlaceOrderTest</b><br>Test class: com.automationpractice.qa.testcases.ShoppingWorkFlowTest</td>
<td></td>
<td>65</td>
<td>com.automationpractice.qa.testcases.ShoppingWorkFlowTest@2f686d1f</td></tr>
<tr>
<td title='com.automationpractice.qa.testcases.ShoppingWorkFlowTest.clothsCategoryTypesDispalyTest()'><b>clothsCategoryTypesDispalyTest</b><br>Test class: com.automationpractice.qa.testcases.ShoppingWorkFlowTest</td>
<td></td>
<td>1</td>
<td>com.automationpractice.qa.testcases.ShoppingWorkFlowTest@2f686d1f</td></tr>
<tr>
<td title='com.automationpractice.qa.testcases.CreateAccountPageTest.createAccountTest()'><b>createAccountTest</b><br>Test class: com.automationpractice.qa.testcases.CreateAccountPageTest<br>Parameters: Mr., Santa, Peter, santa@gmail.com, santa@p1, 10/2/2002, TestCompany, Keily,washingognton road, new city, Colorado, 80016, United states, 9876543210, Work Address</td>
<td></td>
<td>17</td>
<td>com.automationpractice.qa.testcases.CreateAccountPageTest@4cf777e8</td></tr>
<tr>
<td title='com.automationpractice.qa.testcases.CreateAccountPageTest.createAccountTest()'><b>createAccountTest</b><br>Test class: com.automationpractice.qa.testcases.CreateAccountPageTest<br>Parameters: Mrs., Rozy, Syrus, rozy@gmail.com, rozy@s1, 22/11/1983, Testing Pvt. Ltd, WA,Zing Road, Old City, Alaska, 99501, United states, 9876543211, Home Address</td>
<td></td>
<td>21</td>
<td>com.automationpractice.qa.testcases.CreateAccountPageTest@4cf777e8</td></tr>
<tr>
<td title='com.automationpractice.qa.testcases.CreateAccountPageTest.invalidEmailErrorMsgTest()'><b>invalidEmailErrorMsgTest</b><br>Test class: com.automationpractice.qa.testcases.CreateAccountPageTest</td>
<td></td>
<td>9</td>
<td>com.automationpractice.qa.testcases.CreateAccountPageTest@4cf777e8</td></tr>
<tr>
<td title='com.automationpractice.qa.testcases.ShoppingWorkFlowTest.selectSingleClothTest()'><b>selectSingleClothTest</b><br>Test class: com.automationpractice.qa.testcases.ShoppingWorkFlowTest</td>
<td></td>
<td>25</td>
<td>com.automationpractice.qa.testcases.ShoppingWorkFlowTest@2f686d1f</td></tr>
<tr>
<td title='com.automationpractice.qa.testcases.TestPageTest.successTest()'><b>successTest</b><br>Test class: com.automationpractice.qa.testcases.TestPageTest</td>
<td></td>
<td>36</td>
<td>com.automationpractice.qa.testcases.TestPageTest@59ec2012</td></tr>
<tr>
<td title='com.automationpractice.qa.testcases.CreateAccountPageTest.verifyErrorMsgForMandatoryFields()'><b>verifyErrorMsgForMandatoryFields</b><br>Test class: com.automationpractice.qa.testcases.CreateAccountPageTest<br>Parameters: Mr., Santa, Peter, santa@gmail.com, santa@p1, 10/2/2002, TestCompany, Keily,washingognton road, new city, Colorado, 80016, United states, 9876543210, Work Address</td>
<td></td>
<td>13</td>
<td>com.automationpractice.qa.testcases.CreateAccountPageTest@4cf777e8</td></tr>
<tr>
<td title='com.automationpractice.qa.testcases.CreateAccountPageTest.verifyErrorMsgForMandatoryFields()'><b>verifyErrorMsgForMandatoryFields</b><br>Test class: com.automationpractice.qa.testcases.CreateAccountPageTest<br>Parameters: Mrs., Rozy, Syrus, rozy@gmail.com, rozy@s1, 22/11/1983, Testing Pvt. Ltd, WA,Zing Road, Old City, Alaska, 99501, United states, 9876543211, Home Address</td>
<td></td>
<td>13</td>
<td>com.automationpractice.qa.testcases.CreateAccountPageTest@4cf777e8</td></tr>
</table><p>
</body>
</html>